<?xml version="1.0" encoding="utf-8"?><testsuites name="pytest tests"><testsuite name="pytest" errors="0" failures="0" skipped="0" tests="4" time="5.747" timestamp="2026-09-22T05:47:34.754277+00:00" hostname="agent-env-55330189-c152-4848-94e4-930bef1002d9"><testcase classname="backend.tests.test_contact_brevo_retry.TestContactRetry" name="test_five_consecutive_submits_both_flags_true" time="4.930" /><testcase classname="backend.tests.test_contact_brevo_retry.TestContactRetry" name="test_all_leads_persisted" time="0.649" /><testcase classname="backend.tests.test_contact_brevo_retry.TestContactRetry" name="test_invalid_email_422" time="0.120" /><testcase classname="backend.tests.test_contact_brevo_retry.TestContactRetry" name="test_retry_log_evidence" time="0.001" /></testsuite></testsuites>