<?xml version="1.0" encoding="utf-8"?><testsuites name="pytest tests"><testsuite name="pytest" errors="0" failures="0" skipped="0" tests="5" time="4.968" timestamp="2026-09-22T05:37:52.216776+00:00" hostname="agent-env-55330189-c152-4848-94e4-930bef1002d9"><testcase classname="backend.tests.test_contact_brevo.TestContactEndpoint" name="test_post_contact_returns_200_with_flags" time="1.208" /><testcase classname="backend.tests.test_contact_brevo.TestContactEndpoint" name="test_lead_persisted_in_db" time="0.654" /><testcase classname="backend.tests.test_contact_brevo.TestContactEndpoint" name="test_no_500_regression_even_if_brevo_fails" time="0.960" /><testcase classname="backend.tests.test_contact_brevo.TestContactEndpoint" name="test_invalid_email_returns_422" time="0.147" /><testcase classname="backend.tests.test_contact_brevo.TestContactEndpoint" name="test_brevo_failure_is_external_401_not_code_error" time="1.866" /></testsuite></testsuites>